Using pre-set license
Built from '6000.0/staging' branch; Version is '6000.0.47f1 (2ad1ed33fd3b) revision 2806253'; Using compiler version '193933523'; Build Type 'Release'
OS: 'Windows 10  (10.0.19045) 64bit Core' Language: 'es' Physical Memory: 16149 MB
BatchMode: 1, IsHumanControllingUs: 0, StartBugReporterOnCrash: 0, Is64bit: 1, IsPro: 1

COMMAND LINE ARGUMENTS:
C:\Program Files\Unity\Hub\Editor\6000.0.47f1\Editor\Unity.exe
-adb2
-batchMode
-noUpm
-name
AssetImportWorker2
-projectPath
C:/Users/Mark/Documents/GitHub/Blunder
-logFile
Logs/AssetImportWorker2.log
-srvPort
53218
-job-worker-count
5
-background-job-worker-count
8
-gc-helper-count
1
Successfully changed project path to: C:/Users/Mark/Documents/GitHub/Blunder
C:/Users/Mark/Documents/GitHub/Blunder
[UnityMemory] Configuration Parameters - Can be set up in boot.config
    "memorysetup-bucket-allocator-granularity=16"
    "memorysetup-bucket-allocator-bucket-count=8"
    "memorysetup-bucket-allocator-block-size=33554432"
    "memorysetup-bucket-allocator-block-count=8"
    "memorysetup-main-allocator-block-size=16777216"
    "memorysetup-thread-allocator-block-size=16777216"
    "memorysetup-gfx-main-allocator-block-size=16777216"
    "memorysetup-gfx-thread-allocator-block-size=16777216"
    "memorysetup-cache-allocator-block-size=4194304"
    "memorysetup-typetree-allocator-block-size=2097152"
    "memorysetup-profiler-bucket-allocator-granularity=16"
    "memorysetup-profiler-bucket-allocator-bucket-count=8"
    "memorysetup-profiler-bucket-allocator-block-size=33554432"
    "memorysetup-profiler-bucket-allocator-block-count=8"
    "memorysetup-profiler-allocator-block-size=16777216"
    "memorysetup-profiler-editor-allocator-block-size=1048576"
    "memorysetup-temp-allocator-size-main=16777216"
    "memorysetup-job-temp-allocator-block-size=2097152"
    "memorysetup-job-temp-allocator-block-size-background=1048576"
    "memorysetup-job-temp-allocator-reduction-small-platforms=262144"
    "memorysetup-allocator-temp-initial-block-size-main=262144"
    "memorysetup-allocator-temp-initial-block-size-worker=262144"
    "memorysetup-temp-allocator-size-background-worker=32768"
    "memorysetup-temp-allocator-size-job-worker=262144"
    "memorysetup-temp-allocator-size-preload-manager=33554432"
    "memorysetup-temp-allocator-size-nav-mesh-worker=65536"
    "memorysetup-temp-allocator-size-audio-worker=65536"
    "memorysetup-temp-allocator-size-cloud-worker=32768"
    "memorysetup-temp-allocator-size-gi-baking-worker=262144"
    "memorysetup-temp-allocator-size-gi-baking-worker=262144"
    "memorysetup-temp-allocator-size-gi-baking-worker=262144"
    "memorysetup-temp-allocator-size-gi-baking-worker=262144"
    "memorysetup-temp-allocator-size-gi-baking-worker=262144"
    "memorysetup-temp-allocator-size-gfx=262144"
Player connection [29364]  Target information:

Player connection [29364]  * "[IP] 192.168.1.129 [Port] 0 [Flags] 2 [Guid] 1833678084 [EditorId] 1833678084 [Version] 1048832 [Id] WindowsEditor(7,DESKTOP-QT2PUM0) [Debug] 1 [PackageName] WindowsEditor [ProjectName] Editor" 

Player connection [29364]  * "[IP] 192.168.56.1 [Port] 0 [Flags] 2 [Guid] 1833678084 [EditorId] 1833678084 [Version] 1048832 [Id] WindowsEditor(7,DESKTOP-QT2PUM0) [Debug] 1 [PackageName] WindowsEditor [ProjectName] Editor" 

Player connection [29364] Host joined multi-casting on [225.0.0.222:54997]...
Player connection [29364] Host joined alternative multi-casting on [225.0.0.222:34997]...
JobSystem: Creating JobQueue using job-worker-count value 5
Input System module state changed to: Initialized.
[Physics::Module] Initialized fallback backend.
[Physics::Module] Id: 0xdecafbad
Library Redirect Path: Library/
[Physics::Module] Selected backend.
[Physics::Module] Name: PhysX
[Physics::Module] Id: 0xf2b8ea05
[Physics::Module] SDK Version: 4.1.2
[Physics::Module] Integration Version: 1.0.0
[Physics::Module] Threading Mode: Multi-Threaded
Refreshing native plugins compatible for Editor in 1.51 ms, found 3 plugins.
Preloading 0 native plugins for Editor in 0.00 ms.
Initialize engine version: 6000.0.47f1 (2ad1ed33fd3b)
[Subsystems] Discovering subsystems at path C:/Program Files/Unity/Hub/Editor/6000.0.47f1/Editor/Data/Resources/UnitySubsystems
[Subsystems] Discovering subsystems at path C:/Users/Mark/Documents/GitHub/Blunder/Assets
GfxDevice: creating device client; kGfxThreadingModeNonThreaded
Direct3D:
    Version:  Direct3D 11.0 [level 11.1]
    Renderer: NVIDIA GeForce RTX 3060 (ID=0x2487)
    Vendor:   NVIDIA
    VRAM:     12110 MB
    Driver:   32.0.15.6590
Initialize mono
Mono path[0] = 'C:/Program Files/Unity/Hub/Editor/6000.0.47f1/Editor/Data/Managed'
Mono path[1] = 'C:/Program Files/Unity/Hub/Editor/6000.0.47f1/Editor/Data/MonoBleedingEdge/lib/mono/unityjit-win32'
Mono config path = 'C:/Program Files/Unity/Hub/Editor/6000.0.47f1/Editor/Data/MonoBleedingEdge/etc'
Using monoOptions --debugger-agent=transport=dt_socket,embedding=1,server=y,suspend=n,address=127.0.0.1:56160
Begin MonoManager ReloadAssembly
Registering precompiled unity dll's ...
Register platform support module: C:/Program Files/Unity/Hub/Editor/6000.0.47f1/Editor/Data/PlaybackEngines/WindowsStandaloneSupport/UnityEditor.WindowsStandalone.Extensions.dll
Registered in 0.003655 seconds.
- Loaded All Assemblies, in  0.419 seconds
Native extension for WindowsStandalone target not found
Mono: successfully reloaded assembly
- Finished resetting the current domain, in  0.332 seconds
Domain Reload Profiling: 748ms
	BeginReloadAssembly (133ms)
		ExecutionOrderSort (0ms)
		DisableScriptedObjects (0ms)
		BackupInstance (0ms)
		ReleaseScriptingObjects (0ms)
		CreateAndSetChildDomain (1ms)
	RebuildCommonClasses (44ms)
	RebuildNativeTypeToScriptingClass (13ms)
	initialDomainReloadingComplete (59ms)
	LoadAllAssembliesAndSetupDomain (166ms)
		LoadAssemblies (130ms)
		RebuildTransferFunctionScriptingTraits (0ms)
		AnalyzeDomain (163ms)
			TypeCache.Refresh (161ms)
				TypeCache.ScanAssembly (148ms)
			BuildScriptInfoCaches (0ms)
			ResolveRequiredComponents (1ms)
	FinalizeReload (333ms)
		ReleaseScriptCaches (0ms)
		RebuildScriptCaches (0ms)
		SetupLoadedEditorAssemblies (287ms)
			LogAssemblyErrors (0ms)
			InitializePlatformSupportModulesInManaged (22ms)
			SetLoadedEditorAssemblies (4ms)
			BeforeProcessingInitializeOnLoad (52ms)
			ProcessInitializeOnLoadAttributes (147ms)
			ProcessInitializeOnLoadMethodAttributes (62ms)
			AfterProcessingInitializeOnLoad (0ms)
			EditorAssembliesLoaded (0ms)
		ExecutionOrderSort2 (0ms)
		AwakeInstancesAfterBackupRestoration (0ms)
========================================================================
Worker process is ready to serve import requests
Import Worker Mode flag is 0x00
Begin MonoManager ReloadAssembly
- Loaded All Assemblies, in  0.765 seconds
Refreshing native plugins compatible for Editor in 1.21 ms, found 3 plugins.
Native extension for WindowsStandalone target not found
Mono: successfully reloaded assembly
- Finished resetting the current domain, in  0.568 seconds
Domain Reload Profiling: 1327ms
	BeginReloadAssembly (180ms)
		ExecutionOrderSort (0ms)
		DisableScriptedObjects (6ms)
		BackupInstance (0ms)
		ReleaseScriptingObjects (0ms)
		CreateAndSetChildDomain (32ms)
	RebuildCommonClasses (36ms)
	RebuildNativeTypeToScriptingClass (17ms)
	initialDomainReloadingComplete (42ms)
	LoadAllAssembliesAndSetupDomain (484ms)
		LoadAssemblies (384ms)
		RebuildTransferFunctionScriptingTraits (0ms)
		AnalyzeDomain (200ms)
			TypeCache.Refresh (166ms)
				TypeCache.ScanAssembly (151ms)
			BuildScriptInfoCaches (27ms)
			ResolveRequiredComponents (5ms)
	FinalizeReload (568ms)
		ReleaseScriptCaches (0ms)
		RebuildScriptCaches (0ms)
		SetupLoadedEditorAssemblies (460ms)
			LogAssemblyErrors (0ms)
			InitializePlatformSupportModulesInManaged (2ms)
			SetLoadedEditorAssemblies (4ms)
			BeforeProcessingInitializeOnLoad (92ms)
			ProcessInitializeOnLoadAttributes (325ms)
			ProcessInitializeOnLoadMethodAttributes (27ms)
			AfterProcessingInitializeOnLoad (11ms)
			EditorAssembliesLoaded (0ms)
		ExecutionOrderSort2 (0ms)
		AwakeInstancesAfterBackupRestoration (10ms)
Launched and connected shader compiler UnityShaderCompiler.exe after 0.02 seconds
Refreshing native plugins compatible for Editor in 1.22 ms, found 3 plugins.
Preloading 0 native plugins for Editor in 0.00 ms.
Unloading 22 Unused Serialized files (Serialized files now loaded: 0)
Unloading 3720 unused Assets / (1.1 MB). Loaded Objects now: 4222.
Memory consumption went from 87.5 MB to 86.4 MB.
Total: 4.763400 ms (FindLiveObjects: 0.312200 ms CreateObjectMapping: 0.253800 ms MarkObjects: 3.294500 ms  DeleteObjects: 0.900300 ms)

========================================================================
Received Import Request.
  Time since last request: 11779.861986 seconds.
  path: Assets/Textures/SkyboxEspacio.mat
  artifactKey: Guid(2afb23055a31b874db92e8be7b1dcbf4) Importer(815301076,1909f56bfc062723c751e8b465ee728b)
Start importing Assets/Textures/SkyboxEspacio.mat using Guid(2afb23055a31b874db92e8be7b1dcbf4) Importer(815301076,1909f56bfc062723c751e8b465ee728b) (PreviewImporter) -> (artifact id: 'da7e155ad266163bfd9c960f8a7cfc3e') in 0.1287959 seconds
Number of updated asset objects reloaded before import = 0Number of asset objects unloaded after import = 1

========================================================================
Received Import Request.
  Time since last request: 3.323407 seconds.
  path: Assets/Textures/Starfield 8 - 1024x1024.png
  artifactKey: Guid(078a6e5a9fe683f4cbbba32eb1b29f76) Importer(815301076,1909f56bfc062723c751e8b465ee728b)
Start importing Assets/Textures/Starfield 8 - 1024x1024.png using Guid(078a6e5a9fe683f4cbbba32eb1b29f76) Importer(815301076,1909f56bfc062723c751e8b465ee728b) (PreviewImporter) -> (artifact id: '6b18981680ba7f89c02e3cb00b9af9d0') in 0.0223696 seconds
Number of updated asset objects reloaded before import = 0Number of asset objects unloaded after import = 2

========================================================================
Received Import Request.
  Time since last request: 53.262573 seconds.
  path: Assets/Textures/Blue Nebula
  artifactKey: Guid(e8f7ca408758a964cbea2f565e164b1d) Importer(815301076,1909f56bfc062723c751e8b465ee728b)
Start importing Assets/Textures/Blue Nebula using Guid(e8f7ca408758a964cbea2f565e164b1d) Importer(815301076,1909f56bfc062723c751e8b465ee728b) (PreviewImporter) -> (artifact id: '721f45e3a6ce3e387692708b07fc7440') in 0.0005434 seconds
Number of updated asset objects reloaded before import = 0Number of asset objects unloaded after import = 0

========================================================================
Received Import Request.
  Time since last request: 0.098363 seconds.
  path: Assets/Textures/Blue Nebula/Blue Nebula 1 - 1024x1024.png
  artifactKey: Guid(ca9b94954b64f1347a51e8b76b3183f8) Importer(815301076,1909f56bfc062723c751e8b465ee728b)
Start importing Assets/Textures/Blue Nebula/Blue Nebula 1 - 1024x1024.png using Guid(ca9b94954b64f1347a51e8b76b3183f8) Importer(815301076,1909f56bfc062723c751e8b465ee728b) (PreviewImporter) -> (artifact id: '3c67c18acc589f9fc285f1c07c84c0c2') in 0.0209859 seconds
Number of updated asset objects reloaded before import = 0Number of asset objects unloaded after import = 2

========================================================================
Received Import Request.
  Time since last request: 0.000020 seconds.
  path: Assets/Textures/Blue Nebula/Blue Nebula 5 - 1024x1024.png
  artifactKey: Guid(f72942dc2615eb2419a3c318e7dcb10a) Importer(815301076,1909f56bfc062723c751e8b465ee728b)
Start importing Assets/Textures/Blue Nebula/Blue Nebula 5 - 1024x1024.png using Guid(f72942dc2615eb2419a3c318e7dcb10a) Importer(815301076,1909f56bfc062723c751e8b465ee728b) (PreviewImporter) -> (artifact id: '05c64f0db04cc8d3c9820ef30bde2e30') in 0.0206224 seconds
Number of updated asset objects reloaded before import = 0Number of asset objects unloaded after import = 2

========================================================================
Received Import Request.
  Time since last request: 0.000027 seconds.
  path: Assets/Textures/Blue Nebula/Blue Nebula 4 - 1024x1024.png
  artifactKey: Guid(f57e864e1b5350844913bc725066169b) Importer(815301076,1909f56bfc062723c751e8b465ee728b)
Start importing Assets/Textures/Blue Nebula/Blue Nebula 4 - 1024x1024.png using Guid(f57e864e1b5350844913bc725066169b) Importer(815301076,1909f56bfc062723c751e8b465ee728b) (PreviewImporter) -> (artifact id: '43743d9fb87fdd00b2638b53fff85c4b') in 0.0247733 seconds
Number of updated asset objects reloaded before import = 0Number of asset objects unloaded after import = 2

========================================================================
Received Import Request.
  Time since last request: 0.000032 seconds.
  path: Assets/Textures/Blue Nebula/Blue Nebula 6 - 1024x1024.png
  artifactKey: Guid(6a7ecc07602868e49b2927ede1ddb449) Importer(815301076,1909f56bfc062723c751e8b465ee728b)
Start importing Assets/Textures/Blue Nebula/Blue Nebula 6 - 1024x1024.png using Guid(6a7ecc07602868e49b2927ede1ddb449) Importer(815301076,1909f56bfc062723c751e8b465ee728b) (PreviewImporter) -> (artifact id: 'ff03e7d3520935740989b37372a13105') in 0.0211116 seconds
Number of updated asset objects reloaded before import = 0Number of asset objects unloaded after import = 2

========================================================================
Received Import Request.
  Time since last request: 0.000020 seconds.
  path: Assets/Textures/Blue Nebula/Blue Nebula 7 - 1024x1024.png
  artifactKey: Guid(4fb7204d149506644ae3fdff169fb9cf) Importer(815301076,1909f56bfc062723c751e8b465ee728b)
Start importing Assets/Textures/Blue Nebula/Blue Nebula 7 - 1024x1024.png using Guid(4fb7204d149506644ae3fdff169fb9cf) Importer(815301076,1909f56bfc062723c751e8b465ee728b) (PreviewImporter) -> (artifact id: 'ec3cd3ecb1e00afd8f7dad7b09e50e24') in 0.0196174 seconds
Number of updated asset objects reloaded before import = 0Number of asset objects unloaded after import = 2

========================================================================
Received Import Request.
  Time since last request: 30.090598 seconds.
  path: Assets/Textures/Starfields/Starfield 2 - 1024x1024.png
  artifactKey: Guid(490df07d3031ff5448e727eeb6b9b4ab) Importer(815301076,1909f56bfc062723c751e8b465ee728b)
Start importing Assets/Textures/Starfields/Starfield 2 - 1024x1024.png using Guid(490df07d3031ff5448e727eeb6b9b4ab) Importer(815301076,1909f56bfc062723c751e8b465ee728b) (PreviewImporter) -> (artifact id: '29536151137bc67410d10068f272ae27') in 0.013835 seconds
Number of updated asset objects reloaded before import = 0Number of asset objects unloaded after import = 2

========================================================================
Received Import Request.
  Time since last request: 0.000022 seconds.
  path: Assets/Textures/Starfields/Starfield 6 - 1024x1024.png
  artifactKey: Guid(3a141d0694eb0724ca228457f1a681f7) Importer(815301076,1909f56bfc062723c751e8b465ee728b)
Start importing Assets/Textures/Starfields/Starfield 6 - 1024x1024.png using Guid(3a141d0694eb0724ca228457f1a681f7) Importer(815301076,1909f56bfc062723c751e8b465ee728b) (PreviewImporter) -> (artifact id: 'd5c236f39c9af538556110474bb2d97a') in 0.0185 seconds
Number of updated asset objects reloaded before import = 0Number of asset objects unloaded after import = 2

========================================================================
Received Import Request.
  Time since last request: 38.095736 seconds.
  path: Assets/Textures/Green Nebula/Green Nebula 2 - 1024x1024.png
  artifactKey: Guid(5355279aaf4425640b45eb7efe8ea884) Importer(815301076,1909f56bfc062723c751e8b465ee728b)
Start importing Assets/Textures/Green Nebula/Green Nebula 2 - 1024x1024.png using Guid(5355279aaf4425640b45eb7efe8ea884) Importer(815301076,1909f56bfc062723c751e8b465ee728b) (PreviewImporter) -> (artifact id: 'ae854ef60171fc22072e903838279fcd') in 0.0160792 seconds
Number of updated asset objects reloaded before import = 0Number of asset objects unloaded after import = 2

========================================================================
Received Import Request.
  Time since last request: 0.000099 seconds.
  path: Assets/Textures/Green Nebula/Green Nebula 6 - 1024x1024.png
  artifactKey: Guid(6bb1f984c4efa9444bee5954c160019e) Importer(815301076,1909f56bfc062723c751e8b465ee728b)
Start importing Assets/Textures/Green Nebula/Green Nebula 6 - 1024x1024.png using Guid(6bb1f984c4efa9444bee5954c160019e) Importer(815301076,1909f56bfc062723c751e8b465ee728b) (PreviewImporter) -> (artifact id: '70476ac2155e73c8eb942fe67f904373') in 0.0168387 seconds
Number of updated asset objects reloaded before import = 0Number of asset objects unloaded after import = 2

========================================================================
Received Import Request.
  Time since last request: 21.148243 seconds.
  path: Assets/Textures/Purple Nebula/Purple Nebula 2 - 1024x1024.png
  artifactKey: Guid(93c9d386698fee54fafb6f45cc1defa6) Importer(815301076,1909f56bfc062723c751e8b465ee728b)
Start importing Assets/Textures/Purple Nebula/Purple Nebula 2 - 1024x1024.png using Guid(93c9d386698fee54fafb6f45cc1defa6) Importer(815301076,1909f56bfc062723c751e8b465ee728b) (PreviewImporter) -> (artifact id: 'db8fd88bc647998ba63f2f8b6fec3e35') in 0.0275849 seconds
Number of updated asset objects reloaded before import = 0Number of asset objects unloaded after import = 2

========================================================================
Received Import Request.
  Time since last request: 0.000024 seconds.
  path: Assets/Textures/Purple Nebula/Purple Nebula 8 - 1024x1024.png
  artifactKey: Guid(81b65c1a8ed703d4b8f4796af48ac275) Importer(815301076,1909f56bfc062723c751e8b465ee728b)
Start importing Assets/Textures/Purple Nebula/Purple Nebula 8 - 1024x1024.png using Guid(81b65c1a8ed703d4b8f4796af48ac275) Importer(815301076,1909f56bfc062723c751e8b465ee728b) (PreviewImporter) -> (artifact id: 'a3e5542b2b45cf880aaeaf3610a031e4') in 0.0156892 seconds
Number of updated asset objects reloaded before import = 0Number of asset objects unloaded after import = 2

Editor requested this worker to shutdown with reason: Scaling down because of idle timeout
AssetImportWorker is now disconnected from the server
Process exiting
Exiting without the bug reporter. Application will terminate with return code 0