Using pre-set license
Built from '6000.0/staging' branch; Version is '6000.0.47f1 (2ad1ed33fd3b) revision 2806253'; Using compiler version '193933523'; Build Type 'Release'
OS: 'Windows 11  (10.0.26100) 64bit Professional' Language: 'es' Physical Memory: 16209 MB
BatchMode: 1, IsHumanControllingUs: 0, StartBugReporterOnCrash: 0, Is64bit: 1, IsPro: 1

COMMAND LINE ARGUMENTS:
C:\Program Files\Unity\Hub\Editor\6000.0.47f1\Editor\Unity.exe
-adb2
-batchMode
-noUpm
-name
AssetImportWorker0
-projectPath
C:/Users/d.valentin/Blunder
-logFile
Logs/AssetImportWorker0.log
-srvPort
52886
-job-worker-count
7
-background-job-worker-count
8
-gc-helper-count
1
Successfully changed project path to: C:/Users/d.valentin/Blunder
C:/Users/d.valentin/Blunder
[UnityMemory] Configuration Parameters - Can be set up in boot.config
    "memorysetup-bucket-allocator-granularity=16"
    "memorysetup-bucket-allocator-bucket-count=8"
    "memorysetup-bucket-allocator-block-size=33554432"
    "memorysetup-bucket-allocator-block-count=8"
    "memorysetup-main-allocator-block-size=16777216"
    "memorysetup-thread-allocator-block-size=16777216"
    "memorysetup-gfx-main-allocator-block-size=16777216"
    "memorysetup-gfx-thread-allocator-block-size=16777216"
    "memorysetup-cache-allocator-block-size=4194304"
    "memorysetup-typetree-allocator-block-size=2097152"
    "memorysetup-profiler-bucket-allocator-granularity=16"
    "memorysetup-profiler-bucket-allocator-bucket-count=8"
    "memorysetup-profiler-bucket-allocator-block-size=33554432"
    "memorysetup-profiler-bucket-allocator-block-count=8"
    "memorysetup-profiler-allocator-block-size=16777216"
    "memorysetup-profiler-editor-allocator-block-size=1048576"
    "memorysetup-temp-allocator-size-main=16777216"
    "memorysetup-job-temp-allocator-block-size=2097152"
    "memorysetup-job-temp-allocator-block-size-background=1048576"
    "memorysetup-job-temp-allocator-reduction-small-platforms=262144"
    "memorysetup-allocator-temp-initial-block-size-main=262144"
    "memorysetup-allocator-temp-initial-block-size-worker=262144"
    "memorysetup-temp-allocator-size-background-worker=32768"
    "memorysetup-temp-allocator-size-job-worker=262144"
    "memorysetup-temp-allocator-size-preload-manager=33554432"
    "memorysetup-temp-allocator-size-nav-mesh-worker=65536"
    "memorysetup-temp-allocator-size-audio-worker=65536"
    "memorysetup-temp-allocator-size-cloud-worker=32768"
    "memorysetup-temp-allocator-size-gi-baking-worker=262144"
    "memorysetup-temp-allocator-size-gi-baking-worker=262144"
    "memorysetup-temp-allocator-size-gi-baking-worker=262144"
    "memorysetup-temp-allocator-size-gi-baking-worker=262144"
    "memorysetup-temp-allocator-size-gi-baking-worker=262144"
    "memorysetup-temp-allocator-size-gfx=262144"
Player connection [2300]  Target information:

Player connection [2300]  * "[IP] 192.168.31.188 [Port] 0 [Flags] 2 [Guid] 2772918701 [EditorId] 2772918701 [Version] 1048832 [Id] WindowsEditor(7,INFO3-PC22) [Debug] 1 [PackageName] WindowsEditor [ProjectName] Editor" 

Player connection [2300]  * "[IP] 192.168.56.2 [Port] 0 [Flags] 2 [Guid] 2772918701 [EditorId] 2772918701 [Version] 1048832 [Id] WindowsEditor(7,INFO3-PC22) [Debug] 1 [PackageName] WindowsEditor [ProjectName] Editor" 

Player connection [2300]  * "[IP] 192.168.56.1 [Port] 0 [Flags] 2 [Guid] 2772918701 [EditorId] 2772918701 [Version] 1048832 [Id] WindowsEditor(7,INFO3-PC22) [Debug] 1 [PackageName] WindowsEditor [ProjectName] Editor" 

Player connection [2300] Host joined multi-casting on [225.0.0.222:54997]...
Player connection [2300] Host joined alternative multi-casting on [225.0.0.222:34997]...
JobSystem: Creating JobQueue using job-worker-count value 7
Input System module state changed to: Initialized.
[Physics::Module] Initialized fallback backend.
[Physics::Module] Id: 0xdecafbad
Library Redirect Path: Library/
[Physics::Module] Selected backend.
[Physics::Module] Name: PhysX
[Physics::Module] Id: 0xf2b8ea05
[Physics::Module] SDK Version: 4.1.2
[Physics::Module] Integration Version: 1.0.0
[Physics::Module] Threading Mode: Multi-Threaded
Refreshing native plugins compatible for Editor in 1.95 ms, found 3 plugins.
Preloading 0 native plugins for Editor in 0.00 ms.
Initialize engine version: 6000.0.47f1 (2ad1ed33fd3b)
[Subsystems] Discovering subsystems at path C:/Program Files/Unity/Hub/Editor/6000.0.47f1/Editor/Data/Resources/UnitySubsystems
[Subsystems] Discovering subsystems at path C:/Users/d.valentin/Blunder/Assets
GfxDevice: creating device client; kGfxThreadingModeNonThreaded
Direct3D:
    Version:  Direct3D 11.0 [level 11.1]
    Renderer: Intel(R) UHD Graphics 630 (ID=0x9bc5)
    Vendor:   Intel
    VRAM:     8104 MB
    Driver:   30.0.101.1273
Initialize mono
Mono path[0] = 'C:/Program Files/Unity/Hub/Editor/6000.0.47f1/Editor/Data/Managed'
Mono path[1] = 'C:/Program Files/Unity/Hub/Editor/6000.0.47f1/Editor/Data/MonoBleedingEdge/lib/mono/unityjit-win32'
Mono config path = 'C:/Program Files/Unity/Hub/Editor/6000.0.47f1/Editor/Data/MonoBleedingEdge/etc'
Using monoOptions --debugger-agent=transport=dt_socket,embedding=1,server=y,suspend=n,address=127.0.0.1:56780
Begin MonoManager ReloadAssembly
Registering precompiled unity dll's ...
Register platform support module: C:/Program Files/Unity/Hub/Editor/6000.0.47f1/Editor/Data/PlaybackEngines/WindowsStandaloneSupport/UnityEditor.WindowsStandalone.Extensions.dll
Registered in 0.003804 seconds.
- Loaded All Assemblies, in  0.489 seconds
Native extension for WindowsStandalone target not found
Mono: successfully reloaded assembly
- Finished resetting the current domain, in  0.411 seconds
Domain Reload Profiling: 898ms
	BeginReloadAssembly (161ms)
		ExecutionOrderSort (0ms)
		DisableScriptedObjects (0ms)
		BackupInstance (0ms)
		ReleaseScriptingObjects (0ms)
		CreateAndSetChildDomain (1ms)
	RebuildCommonClasses (47ms)
	RebuildNativeTypeToScriptingClass (13ms)
	initialDomainReloadingComplete (59ms)
	LoadAllAssembliesAndSetupDomain (206ms)
		LoadAssemblies (159ms)
		RebuildTransferFunctionScriptingTraits (0ms)
		AnalyzeDomain (200ms)
			TypeCache.Refresh (198ms)
				TypeCache.ScanAssembly (177ms)
			BuildScriptInfoCaches (0ms)
			ResolveRequiredComponents (0ms)
	FinalizeReload (411ms)
		ReleaseScriptCaches (0ms)
		RebuildScriptCaches (0ms)
		SetupLoadedEditorAssemblies (371ms)
			LogAssemblyErrors (0ms)
			InitializePlatformSupportModulesInManaged (25ms)
			SetLoadedEditorAssemblies (6ms)
			BeforeProcessingInitializeOnLoad (69ms)
			ProcessInitializeOnLoadAttributes (197ms)
			ProcessInitializeOnLoadMethodAttributes (73ms)
			AfterProcessingInitializeOnLoad (0ms)
			EditorAssembliesLoaded (0ms)
		ExecutionOrderSort2 (0ms)
		AwakeInstancesAfterBackupRestoration (0ms)
========================================================================
Worker process is ready to serve import requests
Import Worker Mode flag is 0x00
Begin MonoManager ReloadAssembly
- Loaded All Assemblies, in  0.781 seconds
Refreshing native plugins compatible for Editor in 0.87 ms, found 3 plugins.
Native extension for WindowsStandalone target not found
Mono: successfully reloaded assembly
- Finished resetting the current domain, in  0.591 seconds
Domain Reload Profiling: 1369ms
	BeginReloadAssembly (226ms)
		ExecutionOrderSort (0ms)
		DisableScriptedObjects (9ms)
		BackupInstance (0ms)
		ReleaseScriptingObjects (0ms)
		CreateAndSetChildDomain (45ms)
	RebuildCommonClasses (45ms)
	RebuildNativeTypeToScriptingClass (14ms)
	initialDomainReloadingComplete (45ms)
	LoadAllAssembliesAndSetupDomain (447ms)
		LoadAssemblies (357ms)
		RebuildTransferFunctionScriptingTraits (0ms)
		AnalyzeDomain (218ms)
			TypeCache.Refresh (179ms)
				TypeCache.ScanAssembly (164ms)
			BuildScriptInfoCaches (30ms)
			ResolveRequiredComponents (5ms)
	FinalizeReload (591ms)
		ReleaseScriptCaches (0ms)
		RebuildScriptCaches (0ms)
		SetupLoadedEditorAssemblies (476ms)
			LogAssemblyErrors (0ms)
			InitializePlatformSupportModulesInManaged (2ms)
			SetLoadedEditorAssemblies (4ms)
			BeforeProcessingInitializeOnLoad (90ms)
			ProcessInitializeOnLoadAttributes (347ms)
			ProcessInitializeOnLoadMethodAttributes (26ms)
			AfterProcessingInitializeOnLoad (5ms)
			EditorAssembliesLoaded (0ms)
		ExecutionOrderSort2 (0ms)
		AwakeInstancesAfterBackupRestoration (6ms)
Launched and connected shader compiler UnityShaderCompiler.exe after 0.02 seconds
Refreshing native plugins compatible for Editor in 1.04 ms, found 3 plugins.
Preloading 0 native plugins for Editor in 0.00 ms.
Unloading 22 Unused Serialized files (Serialized files now loaded: 0)
Unloading 3718 unused Assets / (1.3 MB). Loaded Objects now: 4219.
Memory consumption went from 87.5 MB to 86.3 MB.
Total: 6.526000 ms (FindLiveObjects: 0.583300 ms CreateObjectMapping: 0.562600 ms MarkObjects: 4.153100 ms  DeleteObjects: 1.223700 ms)

========================================================================
Received Import Request.
  Time since last request: 89717.963325 seconds.
  path: Assets/3d Objects/Rick Soldier of god22.mtl
  artifactKey: Guid(9b81967f279315c41a00e9b2fef4839d) Importer(815301076,1909f56bfc062723c751e8b465ee728b)
Start importing Assets/3d Objects/Rick Soldier of god22.mtl using Guid(9b81967f279315c41a00e9b2fef4839d) Importer(815301076,1909f56bfc062723c751e8b465ee728b) (PreviewImporter) -> (artifact id: '1c899f77cca9600e063bb249cc7573a1') in 0.0192002 seconds
Number of updated asset objects reloaded before import = 0Number of asset objects unloaded after import = 1

========================================================================
Received Import Request.
  Time since last request: 11.398160 seconds.
  path: Assets/3d Objects/RickSoldier
  artifactKey: Guid(4da5ec49bde0d3441a490ff140ddc00e) Importer(815301076,1909f56bfc062723c751e8b465ee728b)
Start importing Assets/3d Objects/RickSoldier using Guid(4da5ec49bde0d3441a490ff140ddc00e) Importer(815301076,1909f56bfc062723c751e8b465ee728b) (PreviewImporter) -> (artifact id: 'd93221616c7b186c3aca6d04d7603589') in 0.0005829 seconds
Number of updated asset objects reloaded before import = 0Number of asset objects unloaded after import = 0

========================================================================
Received Import Request.
  Time since last request: 10.067296 seconds.
  path: Assets/3d Objects/RickSoldier/Rick Soldier of god22.obj
  artifactKey: Guid(9c7fc8cee3159f243b7ed17d060ea1e2) Importer(815301076,1909f56bfc062723c751e8b465ee728b)
Start importing Assets/3d Objects/RickSoldier/Rick Soldier of god22.obj using Guid(9c7fc8cee3159f243b7ed17d060ea1e2) Importer(815301076,1909f56bfc062723c751e8b465ee728b) (PreviewImporter) -> (artifact id: '24a74a71656fff23f3dc38c352efb13c') in 0.2251076 seconds
Number of updated asset objects reloaded before import = 0Number of asset objects unloaded after import = 10

========================================================================
Received Import Request.
  Time since last request: 293.172870 seconds.
  path: Assets/3d Objects/RickSoldier/New Material.mat
  artifactKey: Guid(9e1ae4567c586e34591c8188c9ba3ebf) Importer(815301076,1909f56bfc062723c751e8b465ee728b)
Start importing Assets/3d Objects/RickSoldier/New Material.mat using Guid(9e1ae4567c586e34591c8188c9ba3ebf) Importer(815301076,1909f56bfc062723c751e8b465ee728b) (PreviewImporter) -> (artifact id: '428be151b947d66255654d6df5a7caf6') in 0.0176287 seconds
Number of updated asset objects reloaded before import = 0Number of asset objects unloaded after import = 1

========================================================================
Received Import Request.
  Time since last request: 2243.335639 seconds.
  path: Assets/3d Objects/Awa
  artifactKey: Guid(c48a58b0a8372c24cb08ce94ffc33627) Importer(815301076,1909f56bfc062723c751e8b465ee728b)
Start importing Assets/3d Objects/Awa using Guid(c48a58b0a8372c24cb08ce94ffc33627) Importer(815301076,1909f56bfc062723c751e8b465ee728b) (PreviewImporter) -> (artifact id: '5daaafdd5e67a31e9019afab277f0376') in 0.0011058 seconds
Number of updated asset objects reloaded before import = 0Number of asset objects unloaded after import = 0

========================================================================
Received Import Request.
  Time since last request: 0.382063 seconds.
  path: Assets/3d Objects/Awa/Cone_Material.003_Bake.png
  artifactKey: Guid(ac921bb04ce8f4a48a2ae92d32a13230) Importer(815301076,1909f56bfc062723c751e8b465ee728b)
Start importing Assets/3d Objects/Awa/Cone_Material.003_Bake.png using Guid(ac921bb04ce8f4a48a2ae92d32a13230) Importer(815301076,1909f56bfc062723c751e8b465ee728b) (PreviewImporter) -> (artifact id: '8d749a5ebb6231a6986799427008d2c0') in 0.0511804 seconds
Number of updated asset objects reloaded before import = 0Number of asset objects unloaded after import = 2

========================================================================
Received Import Request.
  Time since last request: 0.000067 seconds.
  path: Assets/3d Objects/Awa/Cylinder.003_Material.006_Bake.png
  artifactKey: Guid(04c8da51cf882c84880d2e35c873ef99) Importer(815301076,1909f56bfc062723c751e8b465ee728b)
Start importing Assets/3d Objects/Awa/Cylinder.003_Material.006_Bake.png using Guid(04c8da51cf882c84880d2e35c873ef99) Importer(815301076,1909f56bfc062723c751e8b465ee728b) (PreviewImporter) -> (artifact id: '51e3ba4abd1a4f13ade195e9fec4db59') in 0.0288627 seconds
Number of updated asset objects reloaded before import = 0Number of asset objects unloaded after import = 2

========================================================================
Received Import Request.
  Time since last request: 0.000058 seconds.
  path: Assets/3d Objects/Awa/Sphere_Material.007_Bake.png
  artifactKey: Guid(6d6ad4fbba4ce6d4dad72b8726bc617f) Importer(815301076,1909f56bfc062723c751e8b465ee728b)
Start importing Assets/3d Objects/Awa/Sphere_Material.007_Bake.png using Guid(6d6ad4fbba4ce6d4dad72b8726bc617f) Importer(815301076,1909f56bfc062723c751e8b465ee728b) (PreviewImporter) -> (artifact id: 'c81ac0bf7e09ef4bc2c6394132cc60ec') in 0.027254 seconds
Number of updated asset objects reloaded before import = 0Number of asset objects unloaded after import = 2

========================================================================
Received Import Request.
  Time since last request: 0.000028 seconds.
  path: Assets/3d Objects/Awa/Rick Soldier of god44.obj
  artifactKey: Guid(38fb287c1673eee47b2c91032b1c7323) Importer(815301076,1909f56bfc062723c751e8b465ee728b)
Start importing Assets/3d Objects/Awa/Rick Soldier of god44.obj using Guid(38fb287c1673eee47b2c91032b1c7323) Importer(815301076,1909f56bfc062723c751e8b465ee728b) (PreviewImporter) -> (artifact id: 'dc71d1bb2833ae2755854cb4c487c2f4') in 0.0549578 seconds
Number of updated asset objects reloaded before import = 0Number of asset objects unloaded after import = 10

========================================================================
Received Import Request.
  Time since last request: 0.000019 seconds.
  path: Assets/3d Objects/Awa/Cylinder.002_Material.005_Bake.png
  artifactKey: Guid(96e4659e00ceab44e82281399245b66d) Importer(815301076,1909f56bfc062723c751e8b465ee728b)
Start importing Assets/3d Objects/Awa/Cylinder.002_Material.005_Bake.png using Guid(96e4659e00ceab44e82281399245b66d) Importer(815301076,1909f56bfc062723c751e8b465ee728b) (PreviewImporter) -> (artifact id: 'b2f62905ef969755499131a6a29cdfcc') in 0.0081078 seconds
Number of updated asset objects reloaded before import = 0Number of asset objects unloaded after import = 2

Editor requested this worker to shutdown with reason: Scaling down because of idle timeout
AssetImportWorker is now disconnected from the server
Process exiting
Exiting without the bug reporter. Application will terminate with return code 0